[30May2025 00:00:22.398] [Async Chat Thread - #8/INFO] [net.minecraft.server.MinecraftServer/]: [Not Secure] <WarGhoZt> Esto como es, si coordenadas?
Async Chat Thread - #8Ex[30May2025 00:00:58.222] [Async Chat Thread - #8/INFO] [net.minecraft.server.MinecraftServer/]: [Not Secure] <Trejos1111> quien sos
Async Chat Thread - #8Ex[30May2025 00:01:03.479] [Async Chat Thread - #9/INFO] [net.minecraft.server.MinecraftServer/]: [Not Secure] <Trejos1111> identificate
Async Chat Thread - #9Ex[30May2025 00:01:19.605] [Server thread/INFO] [Console/]: %vault_prefix% WarGhoZt is bleeding..
Server threadEx[30May2025 00:01:22.457] [Server thread/INFO] [Console/]: %vault_prefix% Mori_Jun is bleeding so bad..
Server threadEx[30May2025 00:01:23.601] [Server thread/INFO] [net.minecraft.class_1646/]: Villager class_1646['Nitwit'/6010, l='ServerLevel[world]', x=413.24, y=75.00, z=157.76] died, message: 'Nitwit was slain by Zombie'
Server threadEx[30May2025 00:01:30.748] [Server thread/INFO] [Console/]: %vault_prefix% WarGhoZt died after bleeding..
Server threadEx[30May2025 00:01:30.930] [Async Chat Thread - #9/INFO] [net.minecraft.server.MinecraftServer/]: [Not Secure] <WarGhoZt> Arias
Async Chat Thread - #9Ex[30May2025 00:01:34.260] [Async Chat Thread - #8/INFO] [net.minecraft.server.MinecraftServer/]: [Not Secure] <Mori_Jun> help
Async Chat Thread - #8Ex[30May2025 00:01:53.856] [Async Chat Thread - #9/INFO] [net.minecraft.server.MinecraftServer/]: [Not Secure] <Mori_Jun> ayuda
Async Chat Thread - #9Ex[30May2025 00:02:00.804] [Async Chat Thread - #8/INFO] [net.minecraft.server.MinecraftServer/]: [Not Secure] <Trejos1111> voy
Async Chat Thread - #8Ex[30May2025 00:02:06.224] [Server thread/INFO] [net.minecraft.class_3244/]: Trejos1111 issued server command: /tpa Mori_Jun
Server threadEx[30May2025 00:02:08.906] [Server thread/INFO] [net.minecraft.class_3244/]: Mori_Jun issued server command: /tpayes Trejos1111
Server threadEx[30May2025 00:02:09.461] [Server thread/INFO] [net.minecraft.class_3244/]: Mori_Jun issued server command: /tpayes Trejos1111
Server threadEx[30May2025 00:02:09.780] [Server thread/INFO] [net.minecraft.class_3244/]: Mori_Jun issued server command: /tpayes Trejos1111
Server threadEx[30May2025 00:02:10.132] [Server thread/INFO] [net.minecraft.class_3244/]: Mori_Jun issued server command: /tpayes Trejos1111
Server threadEx[30May2025 00:02:10.349] [Server thread/INFO] [net.minecraft.class_3244/]: Mori_Jun issued server command: /tpayes Trejos1111
Server threadEx[30May2025 00:02:10.558] [Server thread/INFO] [net.minecraft.class_3244/]: Mori_Jun issued server command: /tpayes Trejos1111
Server threadEx[30May2025 00:02:10.788] [Server thread/INFO] [net.minecraft.class_3244/]: Mori_Jun issued server command: /tpayes Trejos1111
Server threadEx[30May2025 00:02:11.027] [Server thread/INFO] [net.minecraft.class_3244/]: Mori_Jun issued server command: /tpayes Trejos1111
Server threadEx[30May2025 00:02:13.621] [Server thread/INFO] [net.minecraft.class_3244/]: Mori_Jun issued server command: /tpayes Trejos1111
Server threadEx[30May2025 00:02:13.806] [Server thread/INFO] [net.minecraft.class_3244/]: Mori_Jun issued server command: /tpayes Trejos1111
Server threadEx[30May2025 00:02:16.048] [Server thread/INFO] [Console/]: %vault_prefix% WarGhoZt is bleeding..
Server threadEx[30May2025 00:02:16.564] [Async Chat Thread - #9/INFO] [net.minecraft.server.MinecraftServer/]: [Not Secure] <WarGhoZt> Como los encuentro?
Async Chat Thread - #9Ex[30May2025 00:02:17.606] [Async Chat Thread - #8/INFO] [net.minecraft.server.MinecraftServer/]: [Not Secure] <Mori_Jun> no me deja
Async Chat Thread - #8Ex[30May2025 00:02:22.496] [Server thread/INFO] [Console/]: %vault_prefix% Mori_Jun bled until death..
Server threadEx[30May2025 00:02:22.498] [Server thread/ERROR] [Minecraft/]: Could not pass event PlayerDeathEvent to Graves v4.9
Server threadEx org.bukkit.event.EventException: null
	at org.bukkit.plugin.RegisteredListener.callEvent(RegisteredListener.java:70) ~[arclight-1.20.4-1.0.4-80ec5df.jar:?]
	at org.bukkit.plugin.SimplePluginManager.fireEvent(SimplePluginManager.java:600) ~[arclight-1.20.4-1.0.4-80ec5df.jar:?]
	at org.bukkit.plugin.SimplePluginManager.callEvent(SimplePluginManager.java:587) ~[arclight-1.20.4-1.0.4-80ec5df.jar:?]
	at org.bukkit.craftbukkit.v1_20_R3.event.CraftEventFactory.callPlayerDeathEvent(CraftEventFactoryMixin.java:928) ~[arclight-1.20.4-1.0.4-80ec5df.jar:?]
	at net.minecraft.class_3222.method_6078(ServerPlayerMixin_Vanilla.java:2311) ~[server-intermediary.jar:?]
	at net.minecraft.class_1309.method_5643(LivingEntityMixin.java:4346) ~[server-intermediary.jar:?]
	at net.minecraft.class_1657.method_5643(PlayerMixin_Vanilla.java:2532) ~[server-intermediary.jar:?]
	at net.minecraft.class_3222.method_5643(ServerPlayerMixin_Vanilla.java:738) ~[server-intermediary.jar:?]
	at org.bukkit.craftbukkit.v1_20_R3.entity.CraftLivingEntity.damage(CraftLivingEntity.java:327) ~[arclight-1.20.4-1.0.4-80ec5df.jar:?]
	at org.bukkit.craftbukkit.v1_20_R3.entity.CraftLivingEntity.damage(CraftLivingEntity.java:300) ~[arclight-1.20.4-1.0.4-80ec5df.jar:?]
	at com.alonsoaliaga.betterrevive.listeners.DamageListener$1.run(DamageListener.java:378) ~[?:?]
	at org.bukkit.craftbukkit.v1_20_R3.scheduler.CraftTask.run(CraftTask.java:82) ~[arclight-1.20.4-1.0.4-80ec5df.jar:?]
	at org.bukkit.craftbukkit.v1_20_R3.scheduler.CraftScheduler.mainThreadHeartbeat(CraftSchedulerMixin.java:415) ~[arclight-1.20.4-1.0.4-80ec5df.jar:?]
	at net.minecraft.server.MinecraftServer.handler$zbh000$arclight$runScheduler(MinecraftServerMixin.java:2371) ~[server-intermediary.jar:?]
	at net.minecraft.server.MinecraftServer.method_3813(MinecraftServerMixin.java) ~[server-intermediary.jar:?]
	at net.minecraft.class_3176.method_3813(DedicatedServerMixin_Vanilla.java:283) ~[server-intermediary.jar:?]
	at net.minecraft.server.MinecraftServer.method_3748(MinecraftServerMixin.java:845) ~[server-intermediary.jar:?]
	at net.minecraft.server.MinecraftServer.method_29741(MinecraftServerMixin.java:2127) ~[server-intermediary.jar:?]
	at net.minecraft.server.MinecraftServer.method_29739(MinecraftServerMixin.java:270) ~[server-intermediary.jar:?]
	at java.lang.Thread.run(Thread.java:1583) ~[?:?]
Caused by: java.lang.NoSuchMethodError: 'java.lang.String com.mojang.authlib.properties.Property.getValue()'
	at com.ranull.graves.util.SkinUtil.getTexture(SkinUtil.java:48) ~[?:?]
	at com.ranull.graves.listener.EntityDeathListener.onEntityDeath(EntityDeathListener.java:297) ~[?:?]
	... 20 more
[30May2025 00:02:38.550] [Server thread/INFO] [net.minecraft.class_3244/]: WarGhoZt issued server command: /giveup
Server threadEx[30May2025 00:02:38.553] [Server thread/INFO] [net.minecraft.server.MinecraftServer/]: WarGhoZt died because of Zombie
Server threadEx[30May2025 00:02:39.152] [Async Chat Thread - #9/INFO] [net.minecraft.server.MinecraftServer/]: [Not Secure] <Trejos1111> pere
Async Chat Thread - #9Ex[30May2025 00:03:41.598] [Server thread/INFO] [Console/]: %vault_prefix% WarGhoZt is bleeding..
Server threadEx[30May2025 00:03:45.950] [Server thread/INFO] [net.minecraft.class_3244/]: WarGhoZt issued server command: /tpa
Server threadEx[30May2025 00:04:04.052] [Server thread/INFO] [Console/]: %vault_prefix% WarGhoZt bled until death..
Server threadEx[30May2025 00:04:14.750] [Server thread/INFO] [net.minecraft.class_3244/]: Trejos1111 issued server command: /tpa WarGhoZt
Server threadEx[30May2025 00:04:25.447] [Async Chat Thread - #11/INFO] [net.minecraft.server.MinecraftServer/]: [Not Secure] <Trejos1111> acepta
Async Chat Thread - #11Ex[30May2025 00:04:28.816] [Async Chat Thread - #10/INFO] [net.minecraft.server.MinecraftServer/]: [Not Secure] <Trejos1111> el tp
Async Chat Thread - #10Ex[30May2025 00:04:30.221] [Server thread/INFO] [net.minecraft.class_3244/]: WarGhoZt issued server command: /tpayes Trejos1111
Server threadEx[30May2025 00:04:32.111] [Server thread/INFO] [net.minecraft.class_3244/]: WarGhoZt issued server command: /tpayes Trejos1111
Server threadEx[30May2025 00:05:08.249] [Server thread/INFO] [net.minecraft.server.MinecraftServer/]: Mori_Jun has made the advancement [Not Today, Thank You]
Server threadEx[30May2025 00:05:34.599] [Server thread/INFO] [net.minecraft.server.MinecraftServer/]: WarGhoZt has made the advancement [Acquire Hardware]
Server threadEx[30May2025 00:05:41.885] [Async Chat Thread - #13/INFO] [net.minecraft.server.MinecraftServer/]: [Not Secure] <WarGhoZt> Pereme un momento ya vengo
Async Chat Thread - #13Ex[30May2025 00:05:55.099] [Server thread/INFO] [net.minecraft.class_3244/]: WarGhoZt lost connection: Disconnected
Server threadEx[30May2025 00:05:55.101] [Server thread/INFO] [voicechat/]: [voicechat] Disconnecting client WarGhoZt
Server threadEx[30May2025 00:05:55.114] [Server thread/INFO] [net.minecraft.server.MinecraftServer/]: WarGhoZt left the game
Server threadEx[30May2025 00:06:04.621] [Async Chat Thread - #12/INFO] [net.minecraft.server.MinecraftServer/]: [Not Secure] <Mori_Jun> murio el server
Async Chat Thread - #12Ex[30May2025 00:06:10.633] [Async Chat Thread - #12/INFO] [net.minecraft.server.MinecraftServer/]: [Not Secure] <Trejos1111> xddd
Async Chat Thread - #12Ex[30May2025 00:06:17.565] [Server thread/INFO] [net.minecraft.class_3244/]: Trejos1111 issued server command: /tpa Mori_Jun
Server threadEx[30May2025 00:06:21.631] [Server thread/INFO] [net.minecraft.class_3244/]: Mori_Jun issued server command: /tpayes Trejos1111
Server threadEx[30May2025 00:06:36.597] [Server thread/INFO] [net.minecraft.server.MinecraftServer/]: Trejos1111 has made the advancement [Not Today, Thank You]
Server threadEx[30May2025 00:06:54.699] [Server thread/INFO] [net.minecraft.server.MinecraftServer/]: Mori_Jun has made the advancement [Diamonds!]
Server threadEx[30May2025 00:08:18.190] [User Authenticator #4/INFO] [net.minecraft.class_3248/]: UUID of player WarGhoZt is 16c06dec-9e13-3a80-a941-843c4926acf3
User Authenticator #4Ex[30May2025 00:08:18.790] [Server thread/INFO] [net.minecraft.class_3324/]: WarGhoZt[/127.228.64.131:48825] logged in with entity id 12490 at (30.226567078878837, 71.0, -60.848562652343645)
Server threadEx[30May2025 00:08:18.796] [Server thread/INFO] [net.minecraft.server.MinecraftServer/]: WarGhoZt joined the game
Server threadEx[30May2025 00:08:26.789] [Async Chat Thread - #15/INFO] [net.minecraft.server.MinecraftServer/]: [Not Secure] <WarGhoZt> Listo
Async Chat Thread - #15Ex[30May2025 00:08:32.205] [Async Chat Thread - #14/INFO] [net.minecraft.server.MinecraftServer/]: [Not Secure] <WarGhoZt> TP o q
Async Chat Thread - #14Ex[30May2025 00:08:41.630] [Server thread/INFO] [net.minecraft.class_3244/]: Trejos1111 issued server command: /tpa WarGhoZt
Server threadEx[30May2025 00:08:45.141] [Server thread/INFO] [net.minecraft.class_3244/]: WarGhoZt issued server command: /tpayes Trejos1111
Server threadEx[30May2025 00:09:02.858] [Async Chat Thread - #15/INFO] [net.minecraft.server.MinecraftServer/]: [Not Secure] <WarGhoZt> Que procede
Async Chat Thread - #15Ex[30May2025 00:09:10.757] [Async Chat Thread - #14/INFO] [net.minecraft.server.MinecraftServer/]: [Not Secure] <Mori_Jun> guerra?
Async Chat Thread - #14Ex[30May2025 00:09:24.154] [Async Chat Thread - #15/INFO] [net.minecraft.server.MinecraftServer/]: [Not Secure] <WarGhoZt> Con quien?
Async Chat Thread - #15Ex[30May2025 00:09:43.106] [Async Chat Thread - #14/INFO] [net.minecraft.server.MinecraftServer/]: [Not Secure] <Mori_Jun> team chocorramo o gansito?
Async Chat Thread - #14Ex[30May2025 00:09:54.471] [Async Chat Thread - #15/INFO] [net.minecraft.server.MinecraftServer/]: [Not Secure] <WarGhoZt> Chocorramo
Async Chat Thread - #15Ex[30May2025 00:10:11.073] [Server thread/INFO] [net.minecraft.class_3244/]: Trejos1111 issued server command: /back
Server threadEx[30May2025 00:10:15.113] [Async Chat Thread - #14/INFO] [net.minecraft.server.MinecraftServer/]: [Not Secure] <Mori_Jun> tellez baneelo
Async Chat Thread - #14Ex[30May2025 00:10:37.219] [Async Chat Thread - #15/INFO] [net.minecraft.server.MinecraftServer/]: [Not Secure] <WarGhoZt> Nooo
Async Chat Thread - #15Ex[30May2025 00:11:00.091] [Async Chat Thread - #14/INFO] [net.minecraft.server.MinecraftServer/]: [Not Secure] <WarGhoZt> Quienes estan conectados?
Async Chat Thread - #14Ex[30May2025 00:11:44.692] [Async Chat Thread - #14/INFO] [net.minecraft.server.MinecraftServer/]: [Not Secure] <Mori_Jun> como 3 contandolo a usted
Async Chat Thread - #14Ex[30May2025 00:12:04.386] [Async Chat Thread - #16/INFO] [net.minecraft.server.MinecraftServer/]: [Not Secure] <Mori_Jun> carbon?
Async Chat Thread - #16Ex[30May2025 00:13:05.031] [Async Chat Thread - #18/INFO] [net.minecraft.server.MinecraftServer/]: [Not Secure] <WarGhoZt> Constryanse un coliseo pa los pvps
Async Chat Thread - #18Ex[30May2025 00:13:19.064] [Async Chat Thread - #17/INFO] [net.minecraft.server.MinecraftServer/]: [Not Secure] <Trejos1111> proximamente
Async Chat Thread - #17Ex